<?xml version="1.0" encoding="UTF-8"?>
<coverage generated="1679070333097" clover="3.2.0">
  <project timestamp="1679070333098" name="All files">
    <metrics statements="11" coveredstatements="11" conditionals="0" coveredconditionals="0" methods="4" coveredmethods="4" elements="15" coveredelements="15" complexity="0" loc="11" ncloc="11" packages="2" files="3" classes="3"/>
    <package name="components">
      <metrics statements="9" coveredstatements="9" conditionals="0" coveredconditionals="0" methods="3" coveredmethods="3"/>
      <file name="Form.tsx" path="C:\Users\samir\Desktop\jest-notes\tdd-user-management\src\components\Form.tsx">
        <metrics statements="9" coveredstatements="9" conditionals="0" coveredconditionals="0" methods="3" coveredmethods="3"/>
        <line num="10" count="2" type="stmt"/>
        <line num="11" count="1" type="stmt"/>
        <line num="17" count="2" type="stmt"/>
        <line num="18" count="3" type="stmt"/>
        <line num="23" count="3" type="stmt"/>
        <line num="25" count="3" type="stmt"/>
        <line num="26" count="1" type="stmt"/>
        <line num="27" count="1" type="stmt"/>
        <line num="30" count="3" type="stmt"/>
      </file>
    </package>
    <package name="pages.Login">
      <metrics statements="2" coveredstatements="2" conditionals="0" coveredconditionals="0" methods="1" coveredmethods="1"/>
      <file name="Login.shema.tsx" path="C:\Users\samir\Desktop\jest-notes\tdd-user-management\src\pages\Login\Login.shema.tsx">
        <metrics statements="1" coveredstatements="1" conditionals="0" coveredconditionals="0" methods="0" coveredmethods="0"/>
        <line num="3" count="2" type="stmt"/>
      </file>
      <file name="LoginPage.tsx" path="C:\Users\samir\Desktop\jest-notes\tdd-user-management\src\pages\Login\LoginPage.tsx">
        <metrics statements="1" coveredstatements="1" conditionals="0" coveredconditionals="0" methods="1" coveredmethods="1"/>
        <line num="6" count="2" type="stmt"/>
      </file>
    </package>
  </project>
</coverage>
