{"C:\\Users\\samir\\Desktop\\jest-notes\\tdd-user-management\\src\\App.tsx": {"path":"C:\\Users\\samir\\Desktop\\jest-notes\\tdd-user-management\\src\\App.tsx","statementMap":{"0":{"start":{"line":4,"column":2},"end":{"line":8,"column":4}}},"fnMap":{"0":{"name":"App","decl":{"start":{"line":3,"column":9},"end":{"line":3,"column":12}},"loc":{"start":{"line":3,"column":15},"end":{"line":9,"column":1}},"line":3}},"branchMap":{},"s":{"0":1},"f":{"0":1},"b":{},"_coverageSchema":"1a1c01bbd47fc00a2c39e90264f33305004495a9","hash":"c5c152d63003adb9e888b49cd98948f574d4e406"}
,"C:\\Users\\samir\\Desktop\\jest-notes\\tdd-user-management\\src\\components\\Form.tsx": {"path":"C:\\Users\\samir\\Desktop\\jest-notes\\tdd-user-management\\src\\components\\Form.tsx","statementMap":{"0":{"start":{"line":9,"column":20},"end":{"line":52,"column":1}},"1":{"start":{"line":14,"column":6},"end":{"line":14,"column":60}},"2":{"start":{"line":16,"column":19},"end":{"line":16,"column":37}},"3":{"start":{"line":18,"column":42},"end":{"line":20,"column":3}},"4":{"start":{"line":19,"column":4},"end":{"line":19,"column":41}},"5":{"start":{"line":22,"column":2},"end":{"line":51,"column":4}}},"fnMap":{"0":{"name":"(anonymous_0)","decl":{"start":{"line":9,"column":20},"end":{"line":9,"column":21}},"loc":{"start":{"line":9,"column":26},"end":{"line":52,"column":1}},"line":9},"1":{"name":"(anonymous_1)","decl":{"start":{"line":18,"column":42},"end":{"line":18,"column":43}},"loc":{"start":{"line":18,"column":73},"end":{"line":20,"column":3}},"line":18}},"branchMap":{"0":{"loc":{"start":{"line":24,"column":7},"end":{"line":26,"column":7}},"type":"binary-expr","locations":[{"start":{"line":24,"column":7},"end":{"line":24,"column":25}},{"start":{"line":25,"column":8},"end":{"line":25,"column":65}}],"line":24},"1":{"loc":{"start":{"line":29,"column":7},"end":{"line":31,"column":7}},"type":"binary-expr","locations":[{"start":{"line":29,"column":7},"end":{"line":29,"column":21}},{"start":{"line":30,"column":8},"end":{"line":30,"column":67}}],"line":29}},"s":{"0":1,"1":17,"2":16,"3":16,"4":4,"5":16},"f":{"0":17,"1":4},"b":{"0":[16,4],"1":[16,2]},"_coverageSchema":"1a1c01bbd47fc00a2c39e90264f33305004495a9","hash":"33266dd418e9b2ca6774e097acc78dfb006f44fd"}
,"C:\\Users\\samir\\Desktop\\jest-notes\\tdd-user-management\\src\\components\\Loader.tsx": {"path":"C:\\Users\\samir\\Desktop\\jest-notes\\tdd-user-management\\src\\components\\Loader.tsx","statementMap":{"0":{"start":{"line":3,"column":29},"end":{"line":62,"column":3}},"1":{"start":{"line":3,"column":50},"end":{"line":62,"column":1}}},"fnMap":{"0":{"name":"(anonymous_0)","decl":{"start":{"line":3,"column":43},"end":{"line":3,"column":44}},"loc":{"start":{"line":3,"column":50},"end":{"line":62,"column":1}},"line":3}},"branchMap":{},"s":{"0":1,"1":4},"f":{"0":4},"b":{},"_coverageSchema":"1a1c01bbd47fc00a2c39e90264f33305004495a9","hash":"678958a5bfc78ddf29cd96d4c3feba9087408cb0"}
,"C:\\Users\\samir\\Desktop\\jest-notes\\tdd-user-management\\src\\mocks\\handlers.ts": {"path":"C:\\Users\\samir\\Desktop\\jest-notes\\tdd-user-management\\src\\mocks\\handlers.ts","statementMap":{"0":{"start":{"line":3,"column":24},"end":{"line":7,"column":1}},"1":{"start":{"line":4,"column":41},"end":{"line":6,"column":20}}},"fnMap":{"0":{"name":"(anonymous_0)","decl":{"start":{"line":4,"column":22},"end":{"line":4,"column":23}},"loc":{"start":{"line":4,"column":41},"end":{"line":6,"column":20}},"line":4}},"branchMap":{},"s":{"0":1,"1":0},"f":{"0":0},"b":{},"_coverageSchema":"1a1c01bbd47fc00a2c39e90264f33305004495a9","hash":"58261c47d078b89e76dd38022567e6ba0d2b000b"}
,"C:\\Users\\samir\\Desktop\\jest-notes\\tdd-user-management\\src\\mocks\\render-with-providers.tsx": {"path":"C:\\Users\\samir\\Desktop\\jest-notes\\tdd-user-management\\src\\mocks\\render-with-providers.tsx","statementMap":{"0":{"start":{"line":5,"column":20},"end":{"line":5,"column":37}},"1":{"start":{"line":9,"column":35},"end":{"line":10,"column":78}},"2":{"start":{"line":10,"column":2},"end":{"line":10,"column":78}}},"fnMap":{"0":{"name":"(anonymous_0)","decl":{"start":{"line":9,"column":35},"end":{"line":9,"column":36}},"loc":{"start":{"line":10,"column":2},"end":{"line":10,"column":78}},"line":10}},"branchMap":{},"s":{"0":1,"1":1,"2":8},"f":{"0":8},"b":{},"_coverageSchema":"1a1c01bbd47fc00a2c39e90264f33305004495a9","hash":"014631b275386e6031a832757d68e6dce7366581"}
,"C:\\Users\\samir\\Desktop\\jest-notes\\tdd-user-management\\src\\mocks\\server.ts": {"path":"C:\\Users\\samir\\Desktop\\jest-notes\\tdd-user-management\\src\\mocks\\server.ts","statementMap":{"0":{"start":{"line":4,"column":22},"end":{"line":4,"column":46}}},"fnMap":{},"branchMap":{},"s":{"0":1},"f":{},"b":{},"_coverageSchema":"1a1c01bbd47fc00a2c39e90264f33305004495a9","hash":"8d9fa42ff3ff1189841bd00c6481ca8823c9f735"}
,"C:\\Users\\samir\\Desktop\\jest-notes\\tdd-user-management\\src\\pages\\Login\\Login.shema.tsx": {"path":"C:\\Users\\samir\\Desktop\\jest-notes\\tdd-user-management\\src\\pages\\Login\\Login.shema.tsx","statementMap":{"0":{"start":{"line":3,"column":26},"end":{"line":8,"column":13}}},"fnMap":{},"branchMap":{},"s":{"0":1},"f":{},"b":{},"_coverageSchema":"1a1c01bbd47fc00a2c39e90264f33305004495a9","hash":"d602d72236063599e622637abd3b2fd4ae7d8907"}
,"C:\\Users\\samir\\Desktop\\jest-notes\\tdd-user-management\\src\\pages\\Login\\LoginPage.tsx": {"path":"C:\\Users\\samir\\Desktop\\jest-notes\\tdd-user-management\\src\\pages\\Login\\LoginPage.tsx","statementMap":{"0":{"start":{"line":6,"column":2},"end":{"line":11,"column":4}}},"fnMap":{"0":{"name":"LoginPage","decl":{"start":{"line":5,"column":16},"end":{"line":5,"column":25}},"loc":{"start":{"line":5,"column":28},"end":{"line":12,"column":1}},"line":5}},"branchMap":{},"s":{"0":9},"f":{"0":9},"b":{},"_coverageSchema":"1a1c01bbd47fc00a2c39e90264f33305004495a9","hash":"6a3e5f2bfea62d17327c14c910e6b36e554b5d1f"}
,"C:\\Users\\samir\\Desktop\\jest-notes\\tdd-user-management\\src\\pages\\Login\\useLoginMutation.tsx": {"path":"C:\\Users\\samir\\Desktop\\jest-notes\\tdd-user-management\\src\\pages\\Login\\useLoginMutation.tsx","statementMap":{"0":{"start":{"line":5,"column":21},"end":{"line":10,"column":1}},"1":{"start":{"line":6,"column":2},"end":{"line":9,"column":5}},"2":{"start":{"line":12,"column":32},"end":{"line":15,"column":3}},"3":{"start":{"line":13,"column":2},"end":{"line":15,"column":3}},"4":{"start":{"line":14,"column":4},"end":{"line":14,"column":49}}},"fnMap":{"0":{"name":"(anonymous_0)","decl":{"start":{"line":5,"column":21},"end":{"line":5,"column":22}},"loc":{"start":{"line":5,"column":64},"end":{"line":10,"column":1}},"line":5},"1":{"name":"(anonymous_1)","decl":{"start":{"line":12,"column":32},"end":{"line":12,"column":33}},"loc":{"start":{"line":13,"column":2},"end":{"line":15,"column":3}},"line":13},"2":{"name":"(anonymous_2)","decl":{"start":{"line":13,"column":14},"end":{"line":13,"column":15}},"loc":{"start":{"line":14,"column":4},"end":{"line":14,"column":49}},"line":14}},"branchMap":{},"s":{"0":1,"1":4,"2":1,"3":16,"4":4},"f":{"0":4,"1":16,"2":4},"b":{},"_coverageSchema":"1a1c01bbd47fc00a2c39e90264f33305004495a9","hash":"6e86d3a98b74940692a6e3044925ebd3bf98bd87"}
}
