{"C:\\Users\\samir\\Desktop\\jest-notes\\tdd-user-management\\src\\components\\Form.tsx": {"path":"C:\\Users\\samir\\Desktop\\jest-notes\\tdd-user-management\\src\\components\\Form.tsx","statementMap":{"0":{"start":{"line":10,"column":21},"end":{"line":15,"column":1}},"1":{"start":{"line":11,"column":2},"end":{"line":14,"column":5}},"2":{"start":{"line":17,"column":20},"end":{"line":50,"column":1}},"3":{"start":{"line":18,"column":36},"end":{"line":18,"column":60}},"4":{"start":{"line":23,"column":6},"end":{"line":23,"column":60}},"5":{"start":{"line":25,"column":42},"end":{"line":28,"column":3}},"6":{"start":{"line":26,"column":4},"end":{"line":26,"column":22}},"7":{"start":{"line":27,"column":4},"end":{"line":27,"column":39}},"8":{"start":{"line":30,"column":2},"end":{"line":49,"column":4}}},"fnMap":{"0":{"name":"(anonymous_0)","decl":{"start":{"line":10,"column":21},"end":{"line":10,"column":22}},"loc":{"start":{"line":10,"column":64},"end":{"line":15,"column":1}},"line":10},"1":{"name":"(anonymous_1)","decl":{"start":{"line":17,"column":20},"end":{"line":17,"column":21}},"loc":{"start":{"line":17,"column":26},"end":{"line":50,"column":1}},"line":17},"2":{"name":"(anonymous_2)","decl":{"start":{"line":25,"column":42},"end":{"line":25,"column":43}},"loc":{"start":{"line":25,"column":70},"end":{"line":28,"column":3}},"line":25}},"branchMap":{},"s":{"0":2,"1":1,"2":2,"3":3,"4":3,"5":3,"6":1,"7":1,"8":3},"f":{"0":1,"1":3,"2":1},"b":{},"_coverageSchema":"1a1c01bbd47fc00a2c39e90264f33305004495a9","hash":"b04dd59842b917d3e27b8bf62b01e1c0d4fc0745"}
,"C:\\Users\\samir\\Desktop\\jest-notes\\tdd-user-management\\src\\pages\\Login\\Login.shema.tsx": {"path":"C:\\Users\\samir\\Desktop\\jest-notes\\tdd-user-management\\src\\pages\\Login\\Login.shema.tsx","statementMap":{"0":{"start":{"line":3,"column":26},"end":{"line":8,"column":13}}},"fnMap":{},"branchMap":{},"s":{"0":2},"f":{},"b":{},"_coverageSchema":"1a1c01bbd47fc00a2c39e90264f33305004495a9","hash":"d602d72236063599e622637abd3b2fd4ae7d8907"}
,"C:\\Users\\samir\\Desktop\\jest-notes\\tdd-user-management\\src\\pages\\Login\\LoginPage.tsx": {"path":"C:\\Users\\samir\\Desktop\\jest-notes\\tdd-user-management\\src\\pages\\Login\\LoginPage.tsx","statementMap":{"0":{"start":{"line":6,"column":2},"end":{"line":11,"column":4}}},"fnMap":{"0":{"name":"LoginPage","decl":{"start":{"line":5,"column":16},"end":{"line":5,"column":25}},"loc":{"start":{"line":5,"column":28},"end":{"line":12,"column":1}},"line":5}},"branchMap":{},"s":{"0":2},"f":{"0":2},"b":{},"_coverageSchema":"1a1c01bbd47fc00a2c39e90264f33305004495a9","hash":"6a3e5f2bfea62d17327c14c910e6b36e554b5d1f"}
}
