TN:
SF:src\App.tsx
FN:3,App
FNF:1
FNH:1
FNDA:1,App
DA:4,1
LF:1
LH:1
BRF:0
BRH:0
end_of_record
TN:
SF:src\components\Form.tsx
FN:11,(anonymous_0)
FN:21,(anonymous_1)
FNF:2
FNH:2
FNDA:3,(anonymous_0)
FNDA:1,(anonymous_1)
DA:11,1
DA:17,3
DA:19,3
DA:21,3
DA:22,1
DA:25,3
LF:6
LH:6
BRDA:28,0,0,3
BRDA:28,0,1,1
BRF:2
BRH:2
end_of_record
TN:
SF:src\components\Loader.tsx
FN:3,(anonymous_0)
FNF:1
FNH:1
FNDA:1,(anonymous_0)
DA:3,1
LF:1
LH:1
BRF:0
BRH:0
end_of_record
TN:
SF:src\mocks\render-with-providers.tsx
FN:9,(anonymous_0)
FNF:1
FNH:1
FNDA:1,(anonymous_0)
DA:5,1
DA:9,1
DA:10,1
LF:3
LH:3
BRF:0
BRH:0
end_of_record
TN:
SF:src\pages\Login\Login.shema.tsx
FNF:0
FNH:0
DA:3,1
LF:1
LH:1
BRF:0
BRH:0
end_of_record
TN:
SF:src\pages\Login\LoginPage.tsx
FN:5,LoginPage
FNF:1
FNH:1
FNDA:1,LoginPage
DA:6,1
LF:1
LH:1
BRF:0
BRH:0
end_of_record
TN:
SF:src\pages\Login\useLoginMutation.tsx
FN:5,(anonymous_0)
FN:12,(anonymous_1)
FN:13,(anonymous_2)
FNF:3
FNH:3
FNDA:1,(anonymous_0)
FNDA:3,(anonymous_1)
FNDA:1,(anonymous_2)
DA:5,1
DA:6,1
DA:12,1
DA:13,3
DA:14,1
LF:5
LH:5
BRF:0
BRH:0
end_of_record
