TN:
SF:src\App.tsx
FN:2,App
FNF:1
FNH:1
FNDA:1,App
DA:3,1
LF:1
LH:1
BRF:0
BRH:0
end_of_record
TN:
SF:src\components\Form.tsx
FN:10,(anonymous_0)
FN:17,(anonymous_1)
FN:25,(anonymous_2)
FNF:3
FNH:3
FNDA:1,(anonymous_0)
FNDA:10,(anonymous_1)
FNDA:1,(anonymous_2)
DA:10,2
DA:11,1
DA:17,2
DA:18,10
DA:23,9
DA:25,9
DA:26,1
DA:27,1
DA:30,9
LF:9
LH:9
BRF:0
BRH:0
end_of_record
TN:
SF:src\pages\Login\Login.shema.tsx
FNF:0
FNH:0
DA:3,2
LF:1
LH:1
BRF:0
BRH:0
end_of_record
TN:
SF:src\pages\Login\LoginPage.tsx
FN:5,LoginPage
FNF:1
FNH:1
FNDA:7,LoginPage
DA:6,7
LF:1
LH:1
BRF:0
BRH:0
end_of_record
